LOCAL 00:29:02.282 [localhost-startStop-1] INFO  hello.LogbackLoggerInitializer - Configured logger from local.logback.xml
LOCAL 00:29:02.298 [localhost-startStop-1] INFO  hello.LogbackLoggerInitializer - Configured logger from local.logback.xml
LOCAL 00:29:02.833 [main] INFO  o.f.c.i.dbsupport.DbSupportFactory - Database: jdbc:h2:mem:testdb (H2 1.4)
LOCAL 00:29:02.838 [main] DEBUG org.flywaydb.core.Flyway - DDL Transactions Supported: false
LOCAL 00:29:02.872 [main] DEBUG org.flywaydb.core.Flyway - Schema: PUBLIC
LOCAL 00:29:02.877 [main] DEBUG o.f.c.internal.util.FeatureDetector - Spring Jdbc available: true
LOCAL 00:29:02.879 [main] DEBUG o.f.c.internal.command.DbValidate - Validating migrations ...
LOCAL 00:29:02.883 [main] DEBUG o.f.c.i.u.s.c.ClassPathScanner - Scanning for classpath resources at 'db/migration' (Prefix: 'V', Suffix: '.sql')
LOCAL 00:29:02.883 [main] DEBUG o.f.c.i.u.s.c.ClassPathScanner - Scanning URL: file:/Volumes/ssd1t/swc/spring-cd2/spring-cd-7/target/classes/db/migration
LOCAL 00:29:02.883 [main] DEBUG o.f.c.internal.util.FeatureDetector - JBoss VFS v2 available: false
LOCAL 00:29:02.885 [main] DEBUG o.f.c.i.u.s.c.FileSystemClassPathLocationScanner - Scanning starting at classpath root in filesystem: /Volumes/ssd1t/swc/spring-cd2/spring-cd-7/target/classes/
LOCAL 00:29:02.885 [main] DEBUG o.f.c.i.u.s.c.FileSystemClassPathLocationScanner - Scanning for resources in path: /Volumes/ssd1t/swc/spring-cd2/spring-cd-7/target/classes/db/migration (db/migration)
LOCAL 00:29:02.886 [main] DEBUG o.f.c.i.u.s.c.ClassPathScanner - Found resource: db/migration/V1__Create_initial_schema.sql
LOCAL 00:29:02.887 [main] DEBUG o.f.c.i.u.s.c.ClassPathScanner - Found resource: db/migration/V2__Extend_author.sql
LOCAL 00:29:02.891 [main] DEBUG o.f.c.i.u.s.c.ClassPathScanner - Scanning for classes at 'db/migration' (Implementing: 'org.flywaydb.core.api.migration.jdbc.JdbcMigration')
LOCAL 00:29:02.891 [main] DEBUG o.f.c.i.u.s.c.ClassPathScanner - Scanning URL: file:/Volumes/ssd1t/swc/spring-cd2/spring-cd-7/target/classes/db/migration
LOCAL 00:29:02.891 [main] DEBUG o.f.c.internal.util.FeatureDetector - JBoss VFS v2 available: false
LOCAL 00:29:02.892 [main] DEBUG o.f.c.i.u.s.c.FileSystemClassPathLocationScanner - Scanning starting at classpath root in filesystem: /Volumes/ssd1t/swc/spring-cd2/spring-cd-7/target/classes/
LOCAL 00:29:02.892 [main] DEBUG o.f.c.i.u.s.c.FileSystemClassPathLocationScanner - Scanning for resources in path: /Volumes/ssd1t/swc/spring-cd2/spring-cd-7/target/classes/db/migration (db/migration)
LOCAL 00:29:02.892 [main] DEBUG o.f.c.i.u.s.c.ClassPathScanner - Filtering out resource: db/migration/V1__Create_initial_schema.sql (filename: V1__Create_initial_schema.sql)
LOCAL 00:29:02.893 [main] DEBUG o.f.c.i.u.s.c.ClassPathScanner - Filtering out resource: db/migration/V2__Extend_author.sql (filename: V2__Extend_author.sql)
LOCAL 00:29:02.893 [main] DEBUG o.f.c.i.u.s.c.ClassPathScanner - Scanning for classes at 'db/migration' (Implementing: 'org.flywaydb.core.api.migration.spring.SpringJdbcMigration')
LOCAL 00:29:02.894 [main] DEBUG o.f.c.i.u.s.c.ClassPathScanner - Scanning URL: file:/Volumes/ssd1t/swc/spring-cd2/spring-cd-7/target/classes/db/migration
LOCAL 00:29:02.894 [main] DEBUG o.f.c.internal.util.FeatureDetector - JBoss VFS v2 available: false
LOCAL 00:29:02.894 [main] DEBUG o.f.c.i.u.s.c.FileSystemClassPathLocationScanner - Scanning starting at classpath root in filesystem: /Volumes/ssd1t/swc/spring-cd2/spring-cd-7/target/classes/
LOCAL 00:29:02.895 [main] DEBUG o.f.c.i.u.s.c.FileSystemClassPathLocationScanner - Scanning for resources in path: /Volumes/ssd1t/swc/spring-cd2/spring-cd-7/target/classes/db/migration (db/migration)
LOCAL 00:29:02.895 [main] DEBUG o.f.c.i.u.s.c.ClassPathScanner - Filtering out resource: db/migration/V1__Create_initial_schema.sql (filename: V1__Create_initial_schema.sql)
LOCAL 00:29:02.895 [main] DEBUG o.f.c.i.u.s.c.ClassPathScanner - Filtering out resource: db/migration/V2__Extend_author.sql (filename: V2__Extend_author.sql)
LOCAL 00:29:02.904 [main] INFO  o.f.c.internal.command.DbValidate - Validated 2 migrations (execution time 00:00.025s)
LOCAL 00:29:02.910 [main] DEBUG o.f.core.internal.command.DbSchemas - Schema "PUBLIC" already exists. Skipping schema creation.
LOCAL 00:29:02.918 [main] INFO  o.f.c.i.m.MetaDataTableImpl - Creating Metadata table: "PUBLIC"."schema_version"
LOCAL 00:29:02.925 [main] DEBUG o.f.c.internal.dbsupport.SqlScript - Found statement at line 17: CREATE TABLE "PUBLIC"."schema_version" (
    "version_rank" INT NOT NULL,
    "installed_rank" INT NOT NULL,
    "version" VARCHAR(50) NOT NULL,
    "description" VARCHAR(200) NOT NULL,
    "type" VARCHAR(20) NOT NULL,
    "script" VARCHAR(1000) NOT NULL,
    "checksum" INT,
    "installed_by" VARCHAR(100) NOT NULL,
    "installed_on" TIMESTAMP NOT NULL DEFAULT CURRENT_TIMESTAMP,
    "execution_time" INT NOT NULL,
    "success" BOOLEAN NOT NULL
)
LOCAL 00:29:02.925 [main] DEBUG o.f.c.internal.dbsupport.SqlScript - Found statement at line 30: ALTER TABLE "PUBLIC"."schema_version" ADD CONSTRAINT "schema_version_pk" PRIMARY KEY ("version")
LOCAL 00:29:02.925 [main] DEBUG o.f.c.internal.dbsupport.SqlScript - Found statement at line 32: CREATE INDEX "PUBLIC"."schema_version_vr_idx" ON "PUBLIC"."schema_version" ("version_rank")
LOCAL 00:29:02.926 [main] DEBUG o.f.c.internal.dbsupport.SqlScript - Found statement at line 33: CREATE INDEX "PUBLIC"."schema_version_ir_idx" ON "PUBLIC"."schema_version" ("installed_rank")
LOCAL 00:29:02.926 [main] DEBUG o.f.c.internal.dbsupport.SqlScript - Found statement at line 34: CREATE INDEX "PUBLIC"."schema_version_s_idx" ON "PUBLIC"."schema_version" ("success")
LOCAL 00:29:02.926 [main] DEBUG o.f.c.internal.dbsupport.SqlScript - Executing SQL: CREATE TABLE "PUBLIC"."schema_version" (
    "version_rank" INT NOT NULL,
    "installed_rank" INT NOT NULL,
    "version" VARCHAR(50) NOT NULL,
    "description" VARCHAR(200) NOT NULL,
    "type" VARCHAR(20) NOT NULL,
    "script" VARCHAR(1000) NOT NULL,
    "checksum" INT,
    "installed_by" VARCHAR(100) NOT NULL,
    "installed_on" TIMESTAMP NOT NULL DEFAULT CURRENT_TIMESTAMP,
    "execution_time" INT NOT NULL,
    "success" BOOLEAN NOT NULL
)
LOCAL 00:29:02.935 [main] DEBUG o.f.c.internal.dbsupport.SqlScript - Executing SQL: ALTER TABLE "PUBLIC"."schema_version" ADD CONSTRAINT "schema_version_pk" PRIMARY KEY ("version")
LOCAL 00:29:02.941 [main] DEBUG o.f.c.internal.dbsupport.SqlScript - Executing SQL: CREATE INDEX "PUBLIC"."schema_version_vr_idx" ON "PUBLIC"."schema_version" ("version_rank")
LOCAL 00:29:02.942 [main] DEBUG o.f.c.internal.dbsupport.SqlScript - Executing SQL: CREATE INDEX "PUBLIC"."schema_version_ir_idx" ON "PUBLIC"."schema_version" ("installed_rank")
LOCAL 00:29:02.942 [main] DEBUG o.f.c.internal.dbsupport.SqlScript - Executing SQL: CREATE INDEX "PUBLIC"."schema_version_s_idx" ON "PUBLIC"."schema_version" ("success")
LOCAL 00:29:02.944 [main] DEBUG o.f.c.i.m.MetaDataTableImpl - Metadata table "PUBLIC"."schema_version" created.
LOCAL 00:29:02.944 [main] DEBUG o.f.core.internal.dbsupport.Table - Locking table "PUBLIC"."schema_version"...
LOCAL 00:29:02.944 [main] DEBUG o.f.core.internal.dbsupport.Table - Lock acquired for table "PUBLIC"."schema_version"
LOCAL 00:29:02.948 [main] INFO  o.f.core.internal.command.DbMigrate - Current version of schema "PUBLIC": << Empty Schema >>
LOCAL 00:29:02.949 [main] INFO  o.f.core.internal.command.DbMigrate - Migrating schema "PUBLIC" to version 1
LOCAL 00:29:02.950 [main] DEBUG o.f.c.internal.dbsupport.SqlScript - Found statement at line 1: create table GREETING (
  ID BIGINT AUTO_INCREMENT,
  CONTENT VARCHAR(255),
  AUTHOR_ID BIGINT NOT NULL
)
LOCAL 00:29:02.950 [main] DEBUG o.f.c.internal.dbsupport.SqlScript - Found statement at line 7: create table AUTHOR (
  ID BIGINT AUTO_INCREMENT,
  NAME VARCHAR(30)
)
LOCAL 00:29:02.950 [main] DEBUG o.f.c.internal.dbsupport.SqlScript - Executing SQL: create table GREETING (
  ID BIGINT AUTO_INCREMENT,
  CONTENT VARCHAR(255),
  AUTHOR_ID BIGINT NOT NULL
)
LOCAL 00:29:02.954 [main] DEBUG o.f.c.internal.dbsupport.SqlScript - Executing SQL: create table AUTHOR (
  ID BIGINT AUTO_INCREMENT,
  NAME VARCHAR(30)
)
LOCAL 00:29:02.955 [main] DEBUG o.f.core.internal.command.DbMigrate - Successfully completed and committed migration of schema "PUBLIC" to version 1
LOCAL 00:29:02.962 [main] DEBUG o.f.c.i.m.MetaDataTableImpl - MetaData table "PUBLIC"."schema_version" successfully updated to reflect changes
LOCAL 00:29:02.963 [main] DEBUG o.f.core.internal.dbsupport.Table - Locking table "PUBLIC"."schema_version"...
LOCAL 00:29:02.964 [main] DEBUG o.f.core.internal.dbsupport.Table - Lock acquired for table "PUBLIC"."schema_version"
LOCAL 00:29:02.967 [main] INFO  o.f.core.internal.command.DbMigrate - Migrating schema "PUBLIC" to version 2
LOCAL 00:29:02.968 [main] DEBUG o.f.c.internal.dbsupport.SqlScript - Found statement at line 1: ALTER TABLE AUTHOR ADD COLUMN LASTNAME VARCHAR(30)
LOCAL 00:29:02.968 [main] DEBUG o.f.c.internal.dbsupport.SqlScript - Executing SQL: ALTER TABLE AUTHOR ADD COLUMN LASTNAME VARCHAR(30)
LOCAL 00:29:02.976 [main] DEBUG o.f.core.internal.command.DbMigrate - Successfully completed and committed migration of schema "PUBLIC" to version 2
LOCAL 00:29:02.979 [main] DEBUG o.f.c.i.m.MetaDataTableImpl - MetaData table "PUBLIC"."schema_version" successfully updated to reflect changes
LOCAL 00:29:02.980 [main] DEBUG o.f.core.internal.dbsupport.Table - Locking table "PUBLIC"."schema_version"...
LOCAL 00:29:02.981 [main] DEBUG o.f.core.internal.dbsupport.Table - Lock acquired for table "PUBLIC"."schema_version"
LOCAL 00:29:02.983 [main] INFO  o.f.core.internal.command.DbMigrate - Successfully applied 2 migrations to schema "PUBLIC" (execution time 00:00.066s).
LOCAL 00:29:03.109 [main] INFO  o.s.o.j.LocalContainerEntityManagerFactoryBean - Building JPA container EntityManagerFactory for persistence unit 'default'
LOCAL 00:29:04.446 [main] INFO  o.s.w.s.h.SimpleUrlHandlerMapping - Mapped URL path [/**/favicon.ico] onto handler of type [class org.springframework.web.servlet.resource.ResourceHttpRequestHandler]
LOCAL 00:29:04.622 [main] INFO  o.s.w.s.m.m.a.RequestMappingHandlerMapping - Mapped "{[/greetings/{id}],methods=[GET],params=[],headers=[],consumes=[],produces=[],custom=[]}" onto public hello.Greeting hello.GreetingController.getGreeting(long)
LOCAL 00:29:04.622 [main] INFO  o.s.w.s.m.m.a.RequestMappingHandlerMapping - Mapped "{[/greetings],methods=[POST],params=[],headers=[],consumes=[],produces=[],custom=[]}" onto public long hello.GreetingController.storeGreeting(java.lang.String,java.lang.String)
LOCAL 00:29:04.623 [main] INFO  o.s.w.s.m.m.a.RequestMappingHandlerMapping - Mapped "{[/greetings],methods=[GET],params=[],headers=[],consumes=[],produces=[],custom=[]}" onto public java.util.List<hello.Greeting> hello.GreetingController.getGreetings(java.lang.String)
LOCAL 00:29:04.623 [main] INFO  o.s.w.s.m.m.a.RequestMappingHandlerMapping - Mapped "{[/appversion],methods=[GET],params=[],headers=[],consumes=[],produces=[],custom=[]}" onto public java.lang.String hello.SystemController.getAppVersion()
LOCAL 00:29:04.624 [main] INFO  o.s.w.s.m.m.a.RequestMappingHandlerMapping - Mapped "{[/runenvironment],methods=[GET],params=[],headers=[],consumes=[],produces=[],custom=[]}" onto public java.lang.String hello.SystemController.getRunEnvironment()
LOCAL 00:29:04.624 [main] INFO  o.s.w.s.m.m.a.RequestMappingHandlerMapping - Mapped "{[/dbversion],methods=[GET],params=[],headers=[],consumes=[],produces=[],custom=[]}" onto public java.lang.String hello.SystemController.getDbVersion()
LOCAL 00:29:04.625 [main] INFO  o.s.w.s.m.m.a.RequestMappingHandlerMapping - Mapped "{[/error],methods=[],params=[],headers=[],consumes=[],produces=[],custom=[]}" onto public org.springframework.http.ResponseEntity<java.util.Map<java.lang.String, java.lang.Object>> org.springframework.boot.autoconfigure.web.BasicErrorController.error(javax.servlet.http.HttpServletRequest)
LOCAL 00:29:04.626 [main] INFO  o.s.w.s.m.m.a.RequestMappingHandlerMapping - Mapped "{[/error],methods=[],params=[],headers=[],consumes=[],produces=[text/html],custom=[]}" onto public org.springframework.web.servlet.ModelAndView org.springframework.boot.autoconfigure.web.BasicErrorController.errorHtml(javax.servlet.http.HttpServletRequest)
LOCAL 00:29:04.655 [main] INFO  o.s.w.s.h.SimpleUrlHandlerMapping - Mapped URL path [/webjars/**] onto handler of type [class org.springframework.web.servlet.resource.ResourceHttpRequestHandler]
LOCAL 00:29:04.655 [main] INFO  o.s.w.s.h.SimpleUrlHandlerMapping - Mapped URL path [/**] onto handler of type [class org.springframework.web.servlet.resource.ResourceHttpRequestHandler]
LOCAL 00:29:04.727 [main] INFO  o.s.w.s.m.m.a.RequestMappingHandlerAdapter - Looking for @ControllerAdvice: org.springframework.boot.context.embedded.AnnotationConfigEmbeddedWebApplicationContext@7c137fd5: startup date [Fri Oct 24 00:28:58 CEST 2014]; root of context hierarchy
LOCAL 00:29:05.267 [main] INFO  o.s.b.c.e.AnnotationConfigEmbeddedWebApplicationContext - Refreshing org.springframework.boot.context.embedded.AnnotationConfigEmbeddedWebApplicationContext@6121a7dd: startup date [Fri Oct 24 00:29:05 CEST 2014]; parent: org.springframework.boot.context.embedded.AnnotationConfigEmbeddedWebApplicationContext@7c137fd5
LOCAL 00:29:05.306 [main] INFO  o.s.b.c.e.t.TomcatEmbeddedServletContainer - Tomcat initialized with port(s): 8081/http
LOCAL 00:29:05.312 [localhost-startStop-1] INFO  o.s.web.context.ContextLoader - Root WebApplicationContext: initialization completed in 45 ms
LOCAL 00:29:05.323 [localhost-startStop-1] INFO  o.s.b.c.e.ServletRegistrationBean - Mapping servlet: 'dispatcherServlet' to [/]
LOCAL 00:29:05.340 [main] INFO  o.s.b.a.e.m.EndpointHandlerMapping - Mapped "{[/env/{name:.*}],methods=[GET],params=[],headers=[],consumes=[],produces=[],custom=[]}" onto public java.lang.Object org.springframework.boot.actuate.endpoint.mvc.EnvironmentMvcEndpoint.value(java.lang.String)
LOCAL 00:29:05.340 [main] INFO  o.s.b.a.e.m.EndpointHandlerMapping - Mapped "{[/env],methods=[GET],params=[],headers=[],consumes=[],produces=[],custom=[]}" onto public java.lang.Object org.springframework.boot.actuate.endpoint.mvc.EndpointMvcAdapter.invoke()
LOCAL 00:29:05.340 [main] INFO  o.s.b.a.e.m.EndpointHandlerMapping - Mapped "{[/beans],methods=[GET],params=[],headers=[],consumes=[],produces=[],custom=[]}" onto public java.lang.Object org.springframework.boot.actuate.endpoint.mvc.EndpointMvcAdapter.invoke()
LOCAL 00:29:05.341 [main] INFO  o.s.b.a.e.m.EndpointHandlerMapping - Mapped "{[/info],methods=[GET],params=[],headers=[],consumes=[],produces=[],custom=[]}" onto public java.lang.Object org.springframework.boot.actuate.endpoint.mvc.EndpointMvcAdapter.invoke()
LOCAL 00:29:05.342 [main] INFO  o.s.b.a.e.m.EndpointHandlerMapping - Mapped "{[/error],methods=[],params=[],headers=[],consumes=[],produces=[],custom=[]}" onto public java.util.Map<java.lang.String, java.lang.Object> org.springframework.boot.actuate.endpoint.mvc.ManagementErrorEndpoint.invoke()
LOCAL 00:29:05.342 [main] INFO  o.s.b.a.e.m.EndpointHandlerMapping - Mapped "{[/autoconfig],methods=[GET],params=[],headers=[],consumes=[],produces=[],custom=[]}" onto public java.lang.Object org.springframework.boot.actuate.endpoint.mvc.EndpointMvcAdapter.invoke()
LOCAL 00:29:05.342 [main] INFO  o.s.b.a.e.m.EndpointHandlerMapping - Mapped "{[/mappings],methods=[GET],params=[],headers=[],consumes=[],produces=[],custom=[]}" onto public java.lang.Object org.springframework.boot.actuate.endpoint.mvc.EndpointMvcAdapter.invoke()
LOCAL 00:29:05.343 [main] INFO  o.s.b.a.e.m.EndpointHandlerMapping - Mapped "{[/configprops],methods=[GET],params=[],headers=[],consumes=[],produces=[],custom=[]}" onto public java.lang.Object org.springframework.boot.actuate.endpoint.mvc.EndpointMvcAdapter.invoke()
LOCAL 00:29:05.343 [main] INFO  o.s.b.a.e.m.EndpointHandlerMapping - Mapped "{[/dump],methods=[GET],params=[],headers=[],consumes=[],produces=[],custom=[]}" onto public java.lang.Object org.springframework.boot.actuate.endpoint.mvc.EndpointMvcAdapter.invoke()
LOCAL 00:29:05.344 [main] INFO  o.s.b.a.e.m.EndpointHandlerMapping - Mapped "{[/metrics/{name:.*}],methods=[GET],params=[],headers=[],consumes=[],produces=[],custom=[]}" onto public java.lang.Object org.springframework.boot.actuate.endpoint.mvc.MetricsMvcEndpoint.value(java.lang.String)
LOCAL 00:29:05.344 [main] INFO  o.s.b.a.e.m.EndpointHandlerMapping - Mapped "{[/metrics],methods=[GET],params=[],headers=[],consumes=[],produces=[],custom=[]}" onto public java.lang.Object org.springframework.boot.actuate.endpoint.mvc.EndpointMvcAdapter.invoke()
LOCAL 00:29:05.345 [main] INFO  o.s.b.a.e.m.EndpointHandlerMapping - Mapped "{[/shutdown],methods=[POST],params=[],headers=[],consumes=[],produces=[],custom=[]}" onto public java.lang.Object org.springframework.boot.actuate.endpoint.mvc.ShutdownMvcEndpoint.invoke()
LOCAL 00:29:05.345 [main] INFO  o.s.b.a.e.m.EndpointHandlerMapping - Mapped "{[/trace],methods=[GET],params=[],headers=[],consumes=[],produces=[],custom=[]}" onto public java.lang.Object org.springframework.boot.actuate.endpoint.mvc.EndpointMvcAdapter.invoke()
LOCAL 00:29:05.346 [main] INFO  o.s.b.a.e.m.EndpointHandlerMapping - Mapped "{[/health],methods=[],params=[],headers=[],consumes=[],produces=[],custom=[]}" onto public java.lang.Object org.springframework.boot.actuate.endpoint.mvc.HealthMvcEndpoint.invoke()
LOCAL 00:29:05.352 [main] INFO  o.s.w.s.m.m.a.RequestMappingHandlerAdapter - Looking for @ControllerAdvice: org.springframework.boot.context.embedded.AnnotationConfigEmbeddedWebApplicationContext@6121a7dd: startup date [Fri Oct 24 00:29:05 CEST 2014]; parent: org.springframework.boot.context.embedded.AnnotationConfigEmbeddedWebApplicationContext@7c137fd5
LOCAL 00:29:05.406 [main] INFO  o.s.b.c.e.t.TomcatEmbeddedServletContainer - Tomcat started on port(s): 8081/http
LOCAL 00:29:05.412 [main] INFO  o.s.b.c.e.t.TomcatEmbeddedServletContainer - Tomcat started on port(s): 8080/http
LOCAL 00:29:05.755 [http-nio-8080-exec-1] INFO  o.s.web.servlet.DispatcherServlet - FrameworkServlet 'dispatcherServlet': initialization started
LOCAL 00:29:05.776 [http-nio-8080-exec-1] INFO  o.s.web.servlet.DispatcherServlet - FrameworkServlet 'dispatcherServlet': initialization completed in 21 ms
LOCAL 00:29:05.834 [http-nio-8080-exec-1] INFO  hello.GreetingController - getGreetings: name=null, backgroundColor=null, counter=1
LOCAL 00:29:06.123 [http-nio-8080-exec-2] INFO  hello.GreetingController - storeGreeting: authorName=Homer, message=Message 1, backgroundColor=null, counter=2
LOCAL 00:29:06.193 [http-nio-8080-exec-3] INFO  hello.GreetingController - getGreetings: name=null, backgroundColor=null, counter=3
LOCAL 00:29:06.238 [http-nio-8080-exec-4] INFO  hello.GreetingController - getGreeting: id=1
LOCAL 00:29:06.253 [Thread-1] INFO  o.s.b.c.e.AnnotationConfigEmbeddedWebApplicationContext - Closing org.springframework.boot.context.embedded.AnnotationConfigEmbeddedWebApplicationContext@7c137fd5: startup date [Fri Oct 24 00:28:58 CEST 2014]; root of context hierarchy
LOCAL 00:29:06.254 [Thread-1] INFO  o.s.b.c.e.AnnotationConfigEmbeddedWebApplicationContext - Closing org.springframework.boot.context.embedded.AnnotationConfigEmbeddedWebApplicationContext@6121a7dd: startup date [Fri Oct 24 00:29:05 CEST 2014]; parent: org.springframework.boot.context.embedded.AnnotationConfigEmbeddedWebApplicationContext@7c137fd5
LOCAL 00:29:06.334 [Thread-1] INFO  o.s.o.j.LocalContainerEntityManagerFactoryBean - Closing JPA EntityManagerFactory for persistence unit 'default'
LOCAL 00:29:06.404 [localhost-startStop-1] INFO  hello.LogbackLoggerInitializer - Destroying logback logger context
